2016-02-09 17:28:12 - MOD: Modification Default
FILE: system/engine/action.php
REGEX: ~(require|include)(_once)?\(([^)]+)~
LINE: 58
FILE: system/engine/loader.php
REGEX: ~(require|include)(_once)?\(([^)]+)~
LINE: 20
LINE: 37
LINE: 54
LINE: 65
FILE: system/library/config.php
REGEX: ~(require|include)(_once)?\(([^)]+)~
LINE: 23
FILE: system/library/language.php
REGEX: ~(require|include)(_once)?\(([^)]+)~
LINE: 21
LINE: 27
----------------------------------------------------------------
2016-02-09 18:24:47 - MOD: Modification Default
FILE: system/engine/action.php
REGEX: ~(require|include)(_once)?\(([^)]+)~
LINE: 58
FILE: system/engine/loader.php
REGEX: ~(require|include)(_once)?\(([^)]+)~
LINE: 20
LINE: 37
LINE: 54
LINE: 65
FILE: system/library/config.php
REGEX: ~(require|include)(_once)?\(([^)]+)~
LINE: 23
FILE: system/library/language.php
REGEX: ~(require|include)(_once)?\(([^)]+)~
LINE: 21
LINE: 27
----------------------------------------------------------------
2016-02-09 18:24:49 - MOD: Modification Default
FILE: system/engine/action.php
REGEX: ~(require|include)(_once)?\(([^)]+)~
LINE: 58
FILE: system/engine/loader.php
REGEX: ~(require|include)(_once)?\(([^)]+)~
LINE: 20
LINE: 37
LINE: 54
LINE: 65
FILE: system/library/config.php
REGEX: ~(require|include)(_once)?\(([^)]+)~
LINE: 23
FILE: system/library/language.php
REGEX: ~(require|include)(_once)?\(([^)]+)~
LINE: 21
LINE: 27
----------------------------------------------------------------
2016-02-09 18:40:42 - MOD: Modification Default
FILE: system/engine/action.php
REGEX: ~(require|include)(_once)?\(([^)]+)~
LINE: 58
FILE: system/engine/loader.php
REGEX: ~(require|include)(_once)?\(([^)]+)~
LINE: 20
LINE: 37
LINE: 54
LINE: 65
FILE: system/library/config.php
REGEX: ~(require|include)(_once)?\(([^)]+)~
LINE: 23
FILE: system/library/language.php
REGEX: ~(require|include)(_once)?\(([^)]+)~
LINE: 21
LINE: 27
----------------------------------------------------------------
MOD: menu_pavblog
FILE: admin/controller/common/menu.php
CODE: $this->load->language('common/menu');
LINE: 3
FILE: admin/view/template/common/menu.tpl
CODE: <li id="sale">
LINE: 78
FILE: catalog/view/theme/default/template/common/header.tpl
CODE: <li><a href="<?php echo $category['href']; ?>"><?php echo $category['name']; ?></a></li>
NOT FOUND!
----------------------------------------------------------------
2016-02-09 18:41:26 - MOD: Modification Default
FILE: system/engine/action.php
REGEX: ~(require|include)(_once)?\(([^)]+)~
LINE: 58
FILE: system/engine/loader.php
REGEX: ~(require|include)(_once)?\(([^)]+)~
LINE: 20
LINE: 37
LINE: 54
LINE: 65
FILE: system/library/config.php
REGEX: ~(require|include)(_once)?\(([^)]+)~
LINE: 23
FILE: system/library/language.php
REGEX: ~(require|include)(_once)?\(([^)]+)~
LINE: 21
LINE: 27
----------------------------------------------------------------
MOD: menu_pavblog
FILE: admin/controller/common/menu.php
CODE: $this->load->language('common/menu');
LINE: 3
FILE: admin/view/template/common/menu.tpl
CODE: <li id="sale">
LINE: 78
FILE: catalog/view/theme/default/template/common/header.tpl
CODE: <li><a href="<?php echo $category['href']; ?>"><?php echo $category['name']; ?></a></li>
NOT FOUND!
----------------------------------------------------------------
2016-02-09 18:46:16 - MOD: Modification Default
FILE: system/engine/action.php
REGEX: ~(require|include)(_once)?\(([^)]+)~
LINE: 58
FILE: system/engine/loader.php
REGEX: ~(require|include)(_once)?\(([^)]+)~
LINE: 20
LINE: 37
LINE: 54
LINE: 65
FILE: system/library/config.php
REGEX: ~(require|include)(_once)?\(([^)]+)~
LINE: 23
FILE: system/library/language.php
REGEX: ~(require|include)(_once)?\(([^)]+)~
LINE: 21
LINE: 27
----------------------------------------------------------------
MOD: menu_pavblog
FILE: admin/controller/common/menu.php
CODE: $this->load->language('common/menu');
LINE: 3
FILE: admin/view/template/common/menu.tpl
CODE: <li id="sale">
LINE: 78
FILE: catalog/view/theme/default/template/common/header.tpl
CODE: <li><a href="<?php echo $category['href']; ?>"><?php echo $category['name']; ?></a></li>
NOT FOUND!
----------------------------------------------------------------
2016-02-29 14:30:24 - MOD: Modification Default
FILE: system/engine/action.php
REGEX: ~(require|include)(_once)?\(([^)]+)~
LINE: 58
FILE: system/engine/loader.php
REGEX: ~(require|include)(_once)?\(([^)]+)~
LINE: 20
LINE: 37
LINE: 54
LINE: 65
FILE: system/library/config.php
REGEX: ~(require|include)(_once)?\(([^)]+)~
LINE: 23
FILE: system/library/language.php
REGEX: ~(require|include)(_once)?\(([^)]+)~
LINE: 21
LINE: 27
----------------------------------------------------------------
MOD: News
FILE: admin/view/template/common/menu.tpl
CODE: <li><a href="<?php echo $feed; ?>"><?php echo $text_feed; ?></a></li>
LINE: 29
FILE: admin/controller/common/menu.php
CODE: $data['feed'] = $this->url->link('extension/feed', 'token=' . $this->session->data['token'], 'SSL');
LINE: 126
FILE: catalog/controller/common/footer.php
CODE: $data['text_account'] = $this->language->get('text_account');
LINE: 15
FILE: catalog/language/english/common/footer.php
CODE: $_
LINE: 3
FILE: catalog/language/russian/common/footer.php
CODE: $_
LINE: 6
FILE: catalog/view/theme/default/template/common/footer.tpl
CODE: <li><a href="<?php echo $voucher; ?>"><?php echo $text_voucher; ?></a></li>
NOT FOUND!
FILE: catalog/controller/common/seo_url.php
CODE: if ($url[0] == 'information_id') {
LINE: 44
CODE: } elseif (isset($this->request->get['information_id'])) {
LINE: 69
CODE: if (($data['route'] == 'product/product' && $key == 'product_id') || (($data['route'] == 'product/manufacturer/info' || $data['route'] == 'product/product') && $key == 'manufacturer_id') || ($data['route'] == 'information/information' && $key == 'information_id')) {
LINE: 91
CODE: if ($query->row['query'] && $url[0] != 'information_id' && $url[0] != 'manufacturer_id' && $url[0] != 'category_id' && $url[0] != 'product_id') {
LINE: 48
CODE: if ($query->row['query'] && $url[0] != 'information_id' && $url[0] != 'manufacturer_id'  && $url[0] != 'category_id' && $url[0] != 'product_id') {
NOT FOUND!
FILE: admin/controller/common/dashboard.php
CODE: function index()
LINE: 2
FILE: admin/view/template/common/dashboard.tpl
CODE: <?php if ($error_install) { ?>
LINE: 24
----------------------------------------------------------------
MOD: menu_pavblog
CODE: $this->load->language('common/menu');
LINE: 3
CODE: <li id="sale">
LINE: 81
FILE: catalog/view/theme/default/template/common/header.tpl
CODE: <li><a href="<?php echo $category['href']; ?>"><?php echo $category['name']; ?></a></li>
NOT FOUND!
----------------------------------------------------------------
2016-02-29 14:34:01 - MOD: Modification Default
FILE: system/engine/action.php
REGEX: ~(require|include)(_once)?\(([^)]+)~
LINE: 58
FILE: system/engine/loader.php
REGEX: ~(require|include)(_once)?\(([^)]+)~
LINE: 20
LINE: 37
LINE: 54
LINE: 65
FILE: system/library/config.php
REGEX: ~(require|include)(_once)?\(([^)]+)~
LINE: 23
FILE: system/library/language.php
REGEX: ~(require|include)(_once)?\(([^)]+)~
LINE: 21
LINE: 27
----------------------------------------------------------------
MOD: News
FILE: admin/view/template/common/menu.tpl
CODE: <li><a href="<?php echo $feed; ?>"><?php echo $text_feed; ?></a></li>
LINE: 29
FILE: admin/controller/common/menu.php
CODE: $data['feed'] = $this->url->link('extension/feed', 'token=' . $this->session->data['token'], 'SSL');
LINE: 126
FILE: catalog/controller/common/footer.php
CODE: $data['text_account'] = $this->language->get('text_account');
LINE: 15
FILE: catalog/language/english/common/footer.php
CODE: $_
LINE: 3
FILE: catalog/language/russian/common/footer.php
CODE: $_
LINE: 6
FILE: catalog/view/theme/default/template/common/footer.tpl
CODE: <li><a href="<?php echo $voucher; ?>"><?php echo $text_voucher; ?></a></li>
NOT FOUND!
FILE: catalog/controller/common/seo_url.php
CODE: if ($url[0] == 'information_id') {
LINE: 44
CODE: } elseif (isset($this->request->get['information_id'])) {
LINE: 69
CODE: if (($data['route'] == 'product/product' && $key == 'product_id') || (($data['route'] == 'product/manufacturer/info' || $data['route'] == 'product/product') && $key == 'manufacturer_id') || ($data['route'] == 'information/information' && $key == 'information_id')) {
LINE: 91
CODE: if ($query->row['query'] && $url[0] != 'information_id' && $url[0] != 'manufacturer_id' && $url[0] != 'category_id' && $url[0] != 'product_id') {
LINE: 48
CODE: if ($query->row['query'] && $url[0] != 'information_id' && $url[0] != 'manufacturer_id'  && $url[0] != 'category_id' && $url[0] != 'product_id') {
NOT FOUND!
FILE: admin/controller/common/dashboard.php
CODE: function index()
LINE: 2
FILE: admin/view/template/common/dashboard.tpl
CODE: <?php if ($error_install) { ?>
LINE: 24
----------------------------------------------------------------
MOD: menu_pavblog
CODE: $this->load->language('common/menu');
LINE: 3
CODE: <li id="sale">
LINE: 81
FILE: catalog/view/theme/default/template/common/header.tpl
CODE: <li><a href="<?php echo $category['href']; ?>"><?php echo $category['name']; ?></a></li>
NOT FOUND!
----------------------------------------------------------------
MOD: News112
CODE: <li><a href="<?php echo $feed; ?>"><?php echo $text_feed; ?></a></li>
LINE: 29
CODE: $data['feed'] = $this->url->link('extension/feed', 'token=' . $this->session->data['token'], 'SSL');
LINE: 132
CODE: $data['text_account'] = $this->language->get('text_account');
LINE: 15
CODE: $_
LINE: 3
CODE: $_
LINE: 6
CODE: <li><a href="<?php echo $voucher; ?>"><?php echo $text_voucher; ?></a></li>
NOT FOUND!
CODE: if ($url[0] == 'information_id') {
LINE: 49
CODE: } elseif (isset($this->request->get['information_id'])) {
LINE: 80
CODE: if (($data['route'] == 'product/product' && $key == 'product_id') || (($data['route'] == 'product/manufacturer/info' || $data['route'] == 'product/product') && $key == 'manufacturer_id') || ($data['route'] == 'information/information' && $key == 'information_id')) {
NOT FOUND!
CODE: if ($query->row['query'] && $url[0] != 'information_id' && $url[0] != 'manufacturer_id' && $url[0] != 'category_id' && $url[0] != 'product_id') {
NOT FOUND!
CODE: if ($query->row['query'] && $url[0] != 'information_id' && $url[0] != 'manufacturer_id'  && $url[0] != 'category_id' && $url[0] != 'product_id') {
NOT FOUND!
CODE: function index()
LINE: 2
CODE: <?php if ($error_install) { ?>
LINE: 35
----------------------------------------------------------------
2016-02-29 15:21:54 - MOD: Modification Default
FILE: system/engine/action.php
REGEX: ~(require|include)(_once)?\(([^)]+)~
LINE: 58
FILE: system/engine/loader.php
REGEX: ~(require|include)(_once)?\(([^)]+)~
LINE: 20
LINE: 37
LINE: 54
LINE: 65
FILE: system/library/config.php
REGEX: ~(require|include)(_once)?\(([^)]+)~
LINE: 23
FILE: system/library/language.php
REGEX: ~(require|include)(_once)?\(([^)]+)~
LINE: 21
LINE: 27
----------------------------------------------------------------
MOD: News
FILE: admin/view/template/common/menu.tpl
CODE: <li><a href="<?php echo $feed; ?>"><?php echo $text_feed; ?></a></li>
LINE: 29
FILE: admin/controller/common/menu.php
CODE: $data['feed'] = $this->url->link('extension/feed', 'token=' . $this->session->data['token'], 'SSL');
LINE: 126
FILE: catalog/controller/common/footer.php
CODE: $data['text_account'] = $this->language->get('text_account');
LINE: 15
FILE: catalog/language/english/common/footer.php
CODE: $_
LINE: 3
FILE: catalog/language/russian/common/footer.php
CODE: $_
LINE: 6
FILE: catalog/view/theme/default/template/common/footer.tpl
CODE: <li><a href="<?php echo $voucher; ?>"><?php echo $text_voucher; ?></a></li>
NOT FOUND!
FILE: catalog/controller/common/seo_url.php
CODE: if ($url[0] == 'information_id') {
LINE: 44
CODE: } elseif (isset($this->request->get['information_id'])) {
LINE: 69
CODE: if (($data['route'] == 'product/product' && $key == 'product_id') || (($data['route'] == 'product/manufacturer/info' || $data['route'] == 'product/product') && $key == 'manufacturer_id') || ($data['route'] == 'information/information' && $key == 'information_id')) {
LINE: 91
CODE: if ($query->row['query'] && $url[0] != 'information_id' && $url[0] != 'manufacturer_id' && $url[0] != 'category_id' && $url[0] != 'product_id') {
LINE: 48
CODE: if ($query->row['query'] && $url[0] != 'information_id' && $url[0] != 'manufacturer_id'  && $url[0] != 'category_id' && $url[0] != 'product_id') {
NOT FOUND!
FILE: admin/controller/common/dashboard.php
CODE: function index()
LINE: 2
FILE: admin/view/template/common/dashboard.tpl
CODE: <?php if ($error_install) { ?>
LINE: 24
----------------------------------------------------------------
MOD: menu_pavblog
CODE: $this->load->language('common/menu');
LINE: 3
CODE: <li id="sale">
LINE: 81
FILE: catalog/view/theme/default/template/common/header.tpl
CODE: <li><a href="<?php echo $category['href']; ?>"><?php echo $category['name']; ?></a></li>
NOT FOUND!
----------------------------------------------------------------
MOD: News112
CODE: <li><a href="<?php echo $feed; ?>"><?php echo $text_feed; ?></a></li>
LINE: 29
CODE: $data['feed'] = $this->url->link('extension/feed', 'token=' . $this->session->data['token'], 'SSL');
LINE: 132
CODE: $data['text_account'] = $this->language->get('text_account');
LINE: 15
CODE: $_
LINE: 3
CODE: $_
LINE: 6
CODE: <li><a href="<?php echo $voucher; ?>"><?php echo $text_voucher; ?></a></li>
NOT FOUND!
CODE: if ($url[0] == 'information_id') {
LINE: 49
CODE: } elseif (isset($this->request->get['information_id'])) {
LINE: 80
CODE: if (($data['route'] == 'product/product' && $key == 'product_id') || (($data['route'] == 'product/manufacturer/info' || $data['route'] == 'product/product') && $key == 'manufacturer_id') || ($data['route'] == 'information/information' && $key == 'information_id')) {
NOT FOUND!
CODE: if ($query->row['query'] && $url[0] != 'information_id' && $url[0] != 'manufacturer_id' && $url[0] != 'category_id' && $url[0] != 'product_id') {
NOT FOUND!
CODE: if ($query->row['query'] && $url[0] != 'information_id' && $url[0] != 'manufacturer_id'  && $url[0] != 'category_id' && $url[0] != 'product_id') {
NOT FOUND!
CODE: function index()
LINE: 2
CODE: <?php if ($error_install) { ?>
LINE: 35
----------------------------------------------------------------
2016-02-29 15:40:48 - MOD: Modification Default
FILE: system/engine/action.php
REGEX: ~(require|include)(_once)?\(([^)]+)~
LINE: 58
FILE: system/engine/loader.php
REGEX: ~(require|include)(_once)?\(([^)]+)~
LINE: 20
LINE: 37
LINE: 54
LINE: 65
FILE: system/library/config.php
REGEX: ~(require|include)(_once)?\(([^)]+)~
LINE: 23
FILE: system/library/language.php
REGEX: ~(require|include)(_once)?\(([^)]+)~
LINE: 21
LINE: 27
----------------------------------------------------------------
MOD: News
FILE: admin/view/template/common/menu.tpl
CODE: <li><a href="<?php echo $feed; ?>"><?php echo $text_feed; ?></a></li>
LINE: 29
FILE: admin/controller/common/menu.php
CODE: $data['feed'] = $this->url->link('extension/feed', 'token=' . $this->session->data['token'], 'SSL');
LINE: 126
FILE: catalog/controller/common/footer.php
CODE: $data['text_account'] = $this->language->get('text_account');
LINE: 15
FILE: catalog/language/english/common/footer.php
CODE: $_
LINE: 3
FILE: catalog/language/russian/common/footer.php
CODE: $_
LINE: 6
FILE: catalog/view/theme/default/template/common/footer.tpl
CODE: <li><a href="<?php echo $voucher; ?>"><?php echo $text_voucher; ?></a></li>
NOT FOUND!
FILE: catalog/controller/common/seo_url.php
CODE: if ($url[0] == 'information_id') {
LINE: 44
CODE: } elseif (isset($this->request->get['information_id'])) {
LINE: 69
CODE: if (($data['route'] == 'product/product' && $key == 'product_id') || (($data['route'] == 'product/manufacturer/info' || $data['route'] == 'product/product') && $key == 'manufacturer_id') || ($data['route'] == 'information/information' && $key == 'information_id')) {
LINE: 91
CODE: if ($query->row['query'] && $url[0] != 'information_id' && $url[0] != 'manufacturer_id' && $url[0] != 'category_id' && $url[0] != 'product_id') {
LINE: 48
CODE: if ($query->row['query'] && $url[0] != 'information_id' && $url[0] != 'manufacturer_id'  && $url[0] != 'category_id' && $url[0] != 'product_id') {
NOT FOUND!
FILE: admin/controller/common/dashboard.php
CODE: function index()
LINE: 2
FILE: admin/view/template/common/dashboard.tpl
CODE: <?php if ($error_install) { ?>
LINE: 24
----------------------------------------------------------------
MOD: Easy Blog Simple for oc2011+
CODE: return $this->load->view('common/menu.tpl', $data);
LINE: 212
CODE: <li id="system"><a class="parent"><i class="fa fa-cog fa-fw"></i> <span><?php echo $text_system; ?></span></a>
LINE: 124
CODE: <?php foreach ($informations as $information) { ?>
LINE: 10
CODE: $data['informations'] = array();
LINE: 32
----------------------------------------------------------------
MOD: menu_pavblog
CODE: $this->load->language('common/menu');
LINE: 3
CODE: <li id="sale">
LINE: 81
FILE: catalog/view/theme/default/template/common/header.tpl
CODE: <li><a href="<?php echo $category['href']; ?>"><?php echo $category['name']; ?></a></li>
NOT FOUND!
----------------------------------------------------------------
MOD: News112
CODE: <li><a href="<?php echo $feed; ?>"><?php echo $text_feed; ?></a></li>
LINE: 29
CODE: $data['feed'] = $this->url->link('extension/feed', 'token=' . $this->session->data['token'], 'SSL');
LINE: 132
CODE: $data['text_account'] = $this->language->get('text_account');
LINE: 15
CODE: $_
LINE: 3
CODE: $_
LINE: 6
CODE: <li><a href="<?php echo $voucher; ?>"><?php echo $text_voucher; ?></a></li>
NOT FOUND!
CODE: if ($url[0] == 'information_id') {
LINE: 49
CODE: } elseif (isset($this->request->get['information_id'])) {
LINE: 80
CODE: if (($data['route'] == 'product/product' && $key == 'product_id') || (($data['route'] == 'product/manufacturer/info' || $data['route'] == 'product/product') && $key == 'manufacturer_id') || ($data['route'] == 'information/information' && $key == 'information_id')) {
NOT FOUND!
CODE: if ($query->row['query'] && $url[0] != 'information_id' && $url[0] != 'manufacturer_id' && $url[0] != 'category_id' && $url[0] != 'product_id') {
NOT FOUND!
CODE: if ($query->row['query'] && $url[0] != 'information_id' && $url[0] != 'manufacturer_id'  && $url[0] != 'category_id' && $url[0] != 'product_id') {
NOT FOUND!
CODE: function index()
LINE: 2
CODE: <?php if ($error_install) { ?>
LINE: 35
----------------------------------------------------------------
2016-02-29 15:43:11 - MOD: Modification Default
FILE: system/engine/action.php
REGEX: ~(require|include)(_once)?\(([^)]+)~
LINE: 58
FILE: system/engine/loader.php
REGEX: ~(require|include)(_once)?\(([^)]+)~
LINE: 20
LINE: 37
LINE: 54
LINE: 65
FILE: system/library/config.php
REGEX: ~(require|include)(_once)?\(([^)]+)~
LINE: 23
FILE: system/library/language.php
REGEX: ~(require|include)(_once)?\(([^)]+)~
LINE: 21
LINE: 27
----------------------------------------------------------------
MOD: News
FILE: admin/view/template/common/menu.tpl
CODE: <li><a href="<?php echo $feed; ?>"><?php echo $text_feed; ?></a></li>
LINE: 29
FILE: admin/controller/common/menu.php
CODE: $data['feed'] = $this->url->link('extension/feed', 'token=' . $this->session->data['token'], 'SSL');
LINE: 126
FILE: catalog/controller/common/footer.php
CODE: $data['text_account'] = $this->language->get('text_account');
LINE: 15
FILE: catalog/language/english/common/footer.php
CODE: $_
LINE: 3
FILE: catalog/language/russian/common/footer.php
CODE: $_
LINE: 6
FILE: catalog/view/theme/default/template/common/footer.tpl
CODE: <li><a href="<?php echo $voucher; ?>"><?php echo $text_voucher; ?></a></li>
NOT FOUND!
FILE: catalog/controller/common/seo_url.php
CODE: if ($url[0] == 'information_id') {
LINE: 44
CODE: } elseif (isset($this->request->get['information_id'])) {
LINE: 69
CODE: if (($data['route'] == 'product/product' && $key == 'product_id') || (($data['route'] == 'product/manufacturer/info' || $data['route'] == 'product/product') && $key == 'manufacturer_id') || ($data['route'] == 'information/information' && $key == 'information_id')) {
LINE: 91
CODE: if ($query->row['query'] && $url[0] != 'information_id' && $url[0] != 'manufacturer_id' && $url[0] != 'category_id' && $url[0] != 'product_id') {
LINE: 48
CODE: if ($query->row['query'] && $url[0] != 'information_id' && $url[0] != 'manufacturer_id'  && $url[0] != 'category_id' && $url[0] != 'product_id') {
NOT FOUND!
FILE: admin/controller/common/dashboard.php
CODE: function index()
LINE: 2
FILE: admin/view/template/common/dashboard.tpl
CODE: <?php if ($error_install) { ?>
LINE: 24
----------------------------------------------------------------
MOD: Easy Blog Simple for oc2011+
CODE: return $this->load->view('common/menu.tpl', $data);
LINE: 212
CODE: <li id="system"><a class="parent"><i class="fa fa-cog fa-fw"></i> <span><?php echo $text_system; ?></span></a>
LINE: 124
CODE: <?php foreach ($informations as $information) { ?>
LINE: 10
CODE: $data['informations'] = array();
LINE: 32
----------------------------------------------------------------
MOD: menu_pavblog
CODE: $this->load->language('common/menu');
LINE: 3
CODE: <li id="sale">
LINE: 81
FILE: catalog/view/theme/default/template/common/header.tpl
CODE: <li><a href="<?php echo $category['href']; ?>"><?php echo $category['name']; ?></a></li>
NOT FOUND!
----------------------------------------------------------------
MOD: News112
CODE: <li><a href="<?php echo $feed; ?>"><?php echo $text_feed; ?></a></li>
LINE: 29
CODE: $data['feed'] = $this->url->link('extension/feed', 'token=' . $this->session->data['token'], 'SSL');
LINE: 132
CODE: $data['text_account'] = $this->language->get('text_account');
LINE: 15
CODE: $_
LINE: 3
CODE: $_
LINE: 6
CODE: <li><a href="<?php echo $voucher; ?>"><?php echo $text_voucher; ?></a></li>
NOT FOUND!
CODE: if ($url[0] == 'information_id') {
LINE: 49
CODE: } elseif (isset($this->request->get['information_id'])) {
LINE: 80
CODE: if (($data['route'] == 'product/product' && $key == 'product_id') || (($data['route'] == 'product/manufacturer/info' || $data['route'] == 'product/product') && $key == 'manufacturer_id') || ($data['route'] == 'information/information' && $key == 'information_id')) {
NOT FOUND!
CODE: if ($query->row['query'] && $url[0] != 'information_id' && $url[0] != 'manufacturer_id' && $url[0] != 'category_id' && $url[0] != 'product_id') {
NOT FOUND!
CODE: if ($query->row['query'] && $url[0] != 'information_id' && $url[0] != 'manufacturer_id'  && $url[0] != 'category_id' && $url[0] != 'product_id') {
NOT FOUND!
CODE: function index()
LINE: 2
CODE: <?php if ($error_install) { ?>
LINE: 35
----------------------------------------------------------------
